<?xml version="1.0" encoding="UTF-8"?>
<Site BuildName="Linux-arm-linux-gnueabihf-g++"
	BuildStamp="20230213-1236-Experimental"
	Name="raspberrypi"
	Generator="ctest-3.18.4"
	CompilerName="/usr/bin/arm-linux-gnueabihf-g++"
	CompilerVersion="10.2.1"
	OSName="Linux"
	Hostname="raspberrypi"
	OSRelease="5.15.84-v7l+"
	OSVersion="#1613 SMP Thu Jan 5 12:01:26 GMT 2023"
	OSPlatform="armv7l"
	Is64Bits="0"
	VendorString=""
	VendorID="Unknown Manufacturer"
	FamilyID="7"
	ModelID="0"
	ProcessorCacheSize="0"
	NumberOfLogicalCPU="4"
	NumberOfPhysicalCPU="1"
	TotalVirtualMemory="99"
	TotalPhysicalMemory="3838"
	LogicalProcessorsPerPhysical="4"
	ProcessorClockFrequency="0"
	>
	<Testing>
		<StartDateTime>Feb 13 13:36 CET</StartDateTime>
		<StartTestTime>1676291800</StartTestTime>
		<TestList/>
		<EndDateTime>Feb 13 13:36 CET</EndDateTime>
		<EndTestTime>1676291800</EndTestTime>
		<ElapsedMinutes>0</ElapsedMinutes>
	</Testing>
</Site>
